0 info it worked if it ends with ok
1 verbose cli [ 'C:\\Program Files\\nodejs\\node.exe',
1 verbose cli   'C:\\Program Files\\nodejs\\node_modules\\npm\\bin\\npm-cli.js',
1 verbose cli   'run',
1 verbose cli   'dev' ]
2 info using npm@3.10.10
3 info using node@v6.10.3
4 verbose run-script [ 'predev', 'dev', 'postdev' ]
5 info lifecycle pet-shop@1.0.0~predev: pet-shop@1.0.0
6 silly lifecycle pet-shop@1.0.0~predev: no script for predev, continuing
7 info lifecycle pet-shop@1.0.0~dev: pet-shop@1.0.0
8 verbose lifecycle pet-shop@1.0.0~dev: unsafe-perm in lifecycle true
9 verbose lifecycle pet-shop@1.0.0~dev: PATH: C:\Program Files\nodejs\node_modules\npm\bin\node-gyp-bin;D:\Users\onur.yakit\Development\ETH\pet-sh\node_modules\.bin;C:\Program Files (x86)\Intel\iCLS Client\;C:\oraclexe\app\oracle\product\11.2.0\server\bin;C:\Python27\;C:\Python27\Scripts;C:\ProgramData\Oracle\Java\javapath;C:\Program Files\Intel\iCLS Client\;C:\WINDOWS\system32;C:\WINDOWS;C:\WINDOWS\System32\Wbem;C:\WINDOWS\System32\WindowsPowerShell\v1.0\;C:\Program Files (x86)\Skype\Phone\;C:\Program Files\Intel\WiFi\bin\;C:\Program Files\Common Files\Intel\WirelessCommon\;C:\Program Files\nodejs\;C:\Program Files\Git\cmd;C:\Program Files (x86)\Yarn\bin;C:\Program Files\PuTTY\;C:\Program Files (x86)\Yarn\node_modules;D:\Users\sozl592\AppData\Roaming\npm\;C:\Program Files\JetBrains\IntelliJ IDEA Community Edition 2017.1.2\bin;C:\Program Files (x86)\Microsoft SQL Server\Client SDK\ODBC\130\Tools\Binn\;C:\Program Files (x86)\Microsoft SQL Server\140\Tools\Binn\;C:\Program Files (x86)\Microsoft SQL Server\140\DTS\Binn\;C:\Program Files (x86)\Microsoft SQL Server\140\Tools\Binn\ManagementStudio\;D:\Users\sozl592\AppData\Local\Android\Sdk\platform-tools;C:\Program Files (x86)\Windows Kits\8.1\Windows Performance Toolkit\;C:\Program Files\Microsoft SQL Server\110\Tools\Binn\;C:\Program Files (x86)\Microsoft SDKs\TypeScript\1.0\;C:\Program Files\Microsoft SQL Server\120\Tools\Binn\;C:\Program Files (x86)\Apache\maven\bin;C:\Program Files (x86)\Intel\Intel(R) Management Engine Components\DAL;C:\Program Files\Intel\Intel(R) Management Engine Components\DAL;C:\Program Files (x86)\Intel\Intel(R) Management Engine Components\IPT;C:\Program Files\Intel\Intel(R) Management Engine Components\IPT;D:\Users\onur.yakit\Development\APP\spring-boot-cli-1.5.7.RELEASE-bin\spring-1.5.7.RELEASE\bin;D:\Users\sozl592\AppData\Local\GitHubDesktop\bin;D:\Users\sozl592\AppData\Roaming\Dashlane\5.0.0.10636\ucrt;D:\Users\sozl592\AppData\Local\atom\bin
10 verbose lifecycle pet-shop@1.0.0~dev: CWD: D:\Users\onur.yakit\Development\ETH\pet-sh
11 silly lifecycle pet-shop@1.0.0~dev: Args: [ '/d /s /c', 'lite-server' ]
12 silly lifecycle pet-shop@1.0.0~dev: Returned: code: 3221225786  signal: null
13 info lifecycle pet-shop@1.0.0~dev: Failed to exec dev script
14 verbose stack Error: pet-shop@1.0.0 dev: `lite-server`
14 verbose stack Exit status 3221225786
14 verbose stack     at EventEmitter.<anonymous> (C:\Program Files\nodejs\node_modules\npm\lib\utils\lifecycle.js:255:16)
14 verbose stack     at emitTwo (events.js:106:13)
14 verbose stack     at EventEmitter.emit (events.js:191:7)
14 verbose stack     at ChildProcess.<anonymous> (C:\Program Files\nodejs\node_modules\npm\lib\utils\spawn.js:40:14)
14 verbose stack     at emitTwo (events.js:106:13)
14 verbose stack     at ChildProcess.emit (events.js:191:7)
14 verbose stack     at maybeClose (internal/child_process.js:886:16)
14 verbose stack     at Process.ChildProcess._handle.onexit (internal/child_process.js:226:5)
15 verbose pkgid pet-shop@1.0.0
16 verbose cwd D:\Users\onur.yakit\Development\ETH\pet-sh
17 error Windows_NT 10.0.14393
18 error argv "C:\\Program Files\\nodejs\\node.exe" "C:\\Program Files\\nodejs\\node_modules\\npm\\bin\\npm-cli.js" "run" "dev"
19 error node v6.10.3
20 error npm  v3.10.10
21 error code ELIFECYCLE
22 error pet-shop@1.0.0 dev: `lite-server`
22 error Exit status 3221225786
23 error Failed at the pet-shop@1.0.0 dev script 'lite-server'.
23 error Make sure you have the latest version of node.js and npm installed.
23 error If you do, this is most likely a problem with the pet-shop package,
23 error not with npm itself.
23 error Tell the author that this fails on your system:
23 error     lite-server
23 error You can get information on how to open an issue for this project with:
23 error     npm bugs pet-shop
23 error Or if that isn't available, you can get their info via:
23 error     npm owner ls pet-shop
23 error There is likely additional logging output above.
24 verbose exit [ 1, true ]
